AllowCrossOriginAuthPrompt
MediaRouterCastAllowAllIPs
BackgroundModeEnabled
ChromeVariations
SavingBrowserHistoryDisabled
EnableOnlineRevocationChecks
GloballyScopeHTTPAuthCacheEnabled
EnterpriseHardwarePlatformAPIEnabled
ForceEphemeralProfiles
ImportAutofillFormData
ImportHomepage
ImportSearchEngine
SuppressUnsupportedOSWarning
PasswordManagerEnabled
RemoteAccessHostAllowRemoteAccessConnections
RemoteAccessHostAllowUiAccessForRemoteAssistance
RemoteAccessHostRequireCurtain
RemoteAccessHostFirewallTraversal
RemoteAccessHostAllowClientPairing
RemoteAccessHostAllowRelayedConnection
AllowWebAuthnWithBrokenTlsCerts
DomainReliabilityAllowed
GoogleSearchSidePanelEnabled
RemoteDebuggingAllowed
EnableMediaRouter
PaymentMethodQueryEnabled
AlternateErrorPagesEnabled
AllowDeletingBrowserHistory
SpellCheckServiceEnabled
MetricsReportingEnabled
SafeBrowsingForTrustedSourcesEnabled
UrlKeyedAnonymizedDataCollectionEnabled
UserFeedbackAllowed
AutofillCreditCardEnabled
ImportSavedPasswords